Determining if the pthread_create exist failed with the following output:
Change Dir: /home/xry/Project/catkin_ws/build/CMakeFiles/CMakeTmp

Run Build Command:"/usr/bin/make" "cmTC_21052/fast"
/usr/bin/make -f CMakeFiles/cmTC_21052.dir/build.make CMakeFiles/cmTC_21052.dir/build
make[1]: Entering directory '/home/xry/Project/catkin_ws/build/CMakeFiles/CMakeTmp'
Building C object CMakeFiles/cmTC_21052.dir/CheckSymbolExists.c.o
/usr/bin/cc    -o CMakeFiles/cmTC_21052.dir/CheckSymbolExists.c.o   -c /home/xry/Project/catkin_ws/build/CMakeFiles/CMakeTmp/CheckSymbolExists.c
Linking C executable cmTC_21052
/usr/bin/cmake -E cmake_link_script CMakeFiles/cmTC_21052.dir/link.txt --verbose=1
/usr/bin/cc      -rdynamic CMakeFiles/cmTC_21052.dir/CheckSymbolExists.c.o  -o cmTC_21052 
CMakeFiles/cmTC_21052.dir/CheckSymbolExists.c.o: In function `main':
CheckSymbolExists.c:(.text+0x1b): undefined reference to `pthread_create'
collect2: error: ld returned 1 exit status
CMakeFiles/cmTC_21052.dir/build.make:97: recipe for target 'cmTC_21052' failed
make[1]: *** [cmTC_21052] Error 1
make[1]: Leaving directory '/home/xry/Project/catkin_ws/build/CMakeFiles/CMakeTmp'
Makefile:126: recipe for target 'cmTC_21052/fast' failed
make: *** [cmTC_21052/fast] Error 2

File /home/xry/Project/catkin_ws/build/CMakeFiles/CMakeTmp/CheckSymbolExists.c:
/* */
#include <pthread.h>

int main(int argc, char** argv)
{
  (void)argv;
#ifndef pthread_create
  return ((int*)(&pthread_create))[argc];
#else
  (void)argc;
  return 0;
#endif
}

Determining if the function pthread_create exists in the pthreads failed with the following output:
Change Dir: /home/xry/Project/catkin_ws/build/CMakeFiles/CMakeTmp

Run Build Command:"/usr/bin/make" "cmTC_131a6/fast"
/usr/bin/make -f CMakeFiles/cmTC_131a6.dir/build.make CMakeFiles/cmTC_131a6.dir/build
make[1]: Entering directory '/home/xry/Project/catkin_ws/build/CMakeFiles/CMakeTmp'
Building C object CMakeFiles/cmTC_131a6.dir/CheckFunctionExists.c.o
/usr/bin/cc   -DCHECK_FUNCTION_EXISTS=pthread_create   -o CMakeFiles/cmTC_131a6.dir/CheckFunctionExists.c.o   -c /usr/share/cmake-3.10/Modules/CheckFunctionExists.c
Linking C executable cmTC_131a6
/usr/bin/cmake -E cmake_link_script CMakeFiles/cmTC_131a6.dir/link.txt --verbose=1
/usr/bin/cc  -DCHECK_FUNCTION_EXISTS=pthread_create    -rdynamic CMakeFiles/cmTC_131a6.dir/CheckFunctionExists.c.o  -o cmTC_131a6 -lpthreads 
/usr/bin/ld: cannot find -lpthreads
collect2: error: ld returned 1 exit status
CMakeFiles/cmTC_131a6.dir/build.make:97: recipe for target 'cmTC_131a6' failed
make[1]: *** [cmTC_131a6] Error 1
make[1]: Leaving directory '/home/xry/Project/catkin_ws/build/CMakeFiles/CMakeTmp'
Makefile:126: recipe for target 'cmTC_131a6/fast' failed
make: *** [cmTC_131a6/fast] Error 2


Determining if the Q_WS_WIN exist failed with the following output:
Change Dir: /home/xry/Project/catkin_ws/build/CMakeFiles/CMakeTmp

Run Build Command:"/usr/bin/make" "cmTC_edefe/fast"
/usr/bin/make -f CMakeFiles/cmTC_edefe.dir/build.make CMakeFiles/cmTC_edefe.dir/build
make[1]: Entering directory '/home/xry/Project/catkin_ws/build/CMakeFiles/CMakeTmp'
Building CXX object CMakeFiles/cmTC_edefe.dir/CheckSymbolExists.cxx.o
/usr/bin/c++   -I/usr/include/qt4   -o CMakeFiles/cmTC_edefe.dir/CheckSymbolExists.cxx.o -c /home/xry/Project/catkin_ws/build/CMakeFiles/CMakeTmp/CheckSymbolExists.cxx
/home/xry/Project/catkin_ws/build/CMakeFiles/CMakeTmp/CheckSymbolExists.cxx: In function ‘int main(int, char**)’:
/home/xry/Project/catkin_ws/build/CMakeFiles/CMakeTmp/CheckSymbolExists.cxx:8:19: error: ‘Q_WS_WIN’ was not declared in this scope
   return ((int*)(&Q_WS_WIN))[argc];
                   ^~~~~~~~
/home/xry/Project/catkin_ws/build/CMakeFiles/CMakeTmp/CheckSymbolExists.cxx:8:19: note: suggested alternative: ‘Q_WS_X11’
   return ((int*)(&Q_WS_WIN))[argc];
                   ^~~~~~~~
                   Q_WS_X11
CMakeFiles/cmTC_edefe.dir/build.make:65: recipe for target 'CMakeFiles/cmTC_edefe.dir/CheckSymbolExists.cxx.o' failed
make[1]: *** [CMakeFiles/cmTC_edefe.dir/CheckSymbolExists.cxx.o] Error 1
make[1]: Leaving directory '/home/xry/Project/catkin_ws/build/CMakeFiles/CMakeTmp'
Makefile:126: recipe for target 'cmTC_edefe/fast' failed
make: *** [cmTC_edefe/fast] Error 2

File /home/xry/Project/catkin_ws/build/CMakeFiles/CMakeTmp/CheckSymbolExists.cxx:
/* */
#include <QtCore/qglobal.h>

int main(int argc, char** argv)
{
  (void)argv;
#ifndef Q_WS_WIN
  return ((int*)(&Q_WS_WIN))[argc];
#else
  (void)argc;
  return 0;
#endif
}

Determining if the Q_WS_QWS exist failed with the following output:
Change Dir: /home/xry/Project/catkin_ws/build/CMakeFiles/CMakeTmp

Run Build Command:"/usr/bin/make" "cmTC_05ee6/fast"
/usr/bin/make -f CMakeFiles/cmTC_05ee6.dir/build.make CMakeFiles/cmTC_05ee6.dir/build
make[1]: Entering directory '/home/xry/Project/catkin_ws/build/CMakeFiles/CMakeTmp'
Building CXX object CMakeFiles/cmTC_05ee6.dir/CheckSymbolExists.cxx.o
/usr/bin/c++   -I/usr/include/qt4   -o CMakeFiles/cmTC_05ee6.dir/CheckSymbolExists.cxx.o -c /home/xry/Project/catkin_ws/build/CMakeFiles/CMakeTmp/CheckSymbolExists.cxx
/home/xry/Project/catkin_ws/build/CMakeFiles/CMakeTmp/CheckSymbolExists.cxx: In function ‘int main(int, char**)’:
/home/xry/Project/catkin_ws/build/CMakeFiles/CMakeTmp/CheckSymbolExists.cxx:8:19: error: ‘Q_WS_QWS’ was not declared in this scope
   return ((int*)(&Q_WS_QWS))[argc];
                   ^~~~~~~~
/home/xry/Project/catkin_ws/build/CMakeFiles/CMakeTmp/CheckSymbolExists.cxx:8:19: note: suggested alternative: ‘Q_WS_X11’
   return ((int*)(&Q_WS_QWS))[argc];
                   ^~~~~~~~
                   Q_WS_X11
CMakeFiles/cmTC_05ee6.dir/build.make:65: recipe for target 'CMakeFiles/cmTC_05ee6.dir/CheckSymbolExists.cxx.o' failed
make[1]: *** [CMakeFiles/cmTC_05ee6.dir/CheckSymbolExists.cxx.o] Error 1
make[1]: Leaving directory '/home/xry/Project/catkin_ws/build/CMakeFiles/CMakeTmp'
Makefile:126: recipe for target 'cmTC_05ee6/fast' failed
make: *** [cmTC_05ee6/fast] Error 2

File /home/xry/Project/catkin_ws/build/CMakeFiles/CMakeTmp/CheckSymbolExists.cxx:
/* */
#include <QtCore/qglobal.h>

int main(int argc, char** argv)
{
  (void)argv;
#ifndef Q_WS_QWS
  return ((int*)(&Q_WS_QWS))[argc];
#else
  (void)argc;
  return 0;
#endif
}

Determining if the Q_WS_MAC exist failed with the following output:
Change Dir: /home/xry/Project/catkin_ws/build/CMakeFiles/CMakeTmp

Run Build Command:"/usr/bin/make" "cmTC_bac2b/fast"
/usr/bin/make -f CMakeFiles/cmTC_bac2b.dir/build.make CMakeFiles/cmTC_bac2b.dir/build
make[1]: Entering directory '/home/xry/Project/catkin_ws/build/CMakeFiles/CMakeTmp'
Building CXX object CMakeFiles/cmTC_bac2b.dir/CheckSymbolExists.cxx.o
/usr/bin/c++   -I/usr/include/qt4   -o CMakeFiles/cmTC_bac2b.dir/CheckSymbolExists.cxx.o -c /home/xry/Project/catkin_ws/build/CMakeFiles/CMakeTmp/CheckSymbolExists.cxx
/home/xry/Project/catkin_ws/build/CMakeFiles/CMakeTmp/CheckSymbolExists.cxx: In function ‘int main(int, char**)’:
/home/xry/Project/catkin_ws/build/CMakeFiles/CMakeTmp/CheckSymbolExists.cxx:8:19: error: ‘Q_WS_MAC’ was not declared in this scope
   return ((int*)(&Q_WS_MAC))[argc];
                   ^~~~~~~~
/home/xry/Project/catkin_ws/build/CMakeFiles/CMakeTmp/CheckSymbolExists.cxx:8:19: note: suggested alternative: ‘Q_WS_X11’
   return ((int*)(&Q_WS_MAC))[argc];
                   ^~~~~~~~
                   Q_WS_X11
CMakeFiles/cmTC_bac2b.dir/build.make:65: recipe for target 'CMakeFiles/cmTC_bac2b.dir/CheckSymbolExists.cxx.o' failed
make[1]: *** [CMakeFiles/cmTC_bac2b.dir/CheckSymbolExists.cxx.o] Error 1
make[1]: Leaving directory '/home/xry/Project/catkin_ws/build/CMakeFiles/CMakeTmp'
Makefile:126: recipe for target 'cmTC_bac2b/fast' failed
make: *** [cmTC_bac2b/fast] Error 2

File /home/xry/Project/catkin_ws/build/CMakeFiles/CMakeTmp/CheckSymbolExists.cxx:
/* */
#include <QtCore/qglobal.h>

int main(int argc, char** argv)
{
  (void)argv;
#ifndef Q_WS_MAC
  return ((int*)(&Q_WS_MAC))[argc];
#else
  (void)argc;
  return 0;
#endif
}

